{"C:\\BUU\\4 Senior\\term2\\Software\\Workshop\\backend\\src\\controllers\\workshopController.js": {"path":"C:\\BUU\\4 Senior\\term2\\Software\\Workshop\\backend\\src\\controllers\\workshopController.js","statementMap":{"0":{"start":{"line":4,"column":17},"end":{"line":4,"column":47}},"1":{"start":{"line":8,"column":4},"end":{"line":29,"column":5}},"2":{"start":{"line":10,"column":26},"end":{"line":21,"column":8}},"3":{"start":{"line":23,"column":6},"end":{"line":23,"column":38}},"4":{"start":{"line":25,"column":6},"end":{"line":25,"column":61}},"5":{"start":{"line":26,"column":6},"end":{"line":28,"column":68}},"6":{"start":{"line":32,"column":4},"end":{"line":75,"column":5}},"7":{"start":{"line":33,"column":21},"end":{"line":33,"column":31}},"8":{"start":{"line":36,"column":26},"end":{"line":64,"column":7}},"9":{"start":{"line":67,"column":6},"end":{"line":69,"column":7}},"10":{"start":{"line":68,"column":8},"end":{"line":68,"column":75}},"11":{"start":{"line":71,"column":6},"end":{"line":71,"column":41}},"12":{"start":{"line":73,"column":6},"end":{"line":73,"column":67}},"13":{"start":{"line":74,"column":6},"end":{"line":74,"column":72}},"14":{"start":{"line":78,"column":4},"end":{"line":144,"column":5}},"15":{"start":{"line":91,"column":10},"end":{"line":91,"column":18}},"16":{"start":{"line":93,"column":6},"end":{"line":105,"column":7}},"17":{"start":{"line":102,"column":8},"end":{"line":104,"column":79}},"18":{"start":{"line":108,"column":28},"end":{"line":108,"column":53}},"19":{"start":{"line":109,"column":26},"end":{"line":109,"column":75}},"20":{"start":{"line":112,"column":21},"end":{"line":112,"column":30}},"21":{"start":{"line":113,"column":27},"end":{"line":113,"column":38}},"22":{"start":{"line":116,"column":23},"end":{"line":133,"column":7}},"23":{"start":{"line":135,"column":6},"end":{"line":138,"column":9}},"24":{"start":{"line":140,"column":6},"end":{"line":140,"column":61}},"25":{"start":{"line":141,"column":6},"end":{"line":143,"column":73}},"26":{"start":{"line":148,"column":4},"end":{"line":218,"column":5}},"27":{"start":{"line":149,"column":21},"end":{"line":149,"column":31}},"28":{"start":{"line":150,"column":26},"end":{"line":150,"column":37}},"29":{"start":{"line":163,"column":10},"end":{"line":163,"column":18}},"30":{"start":{"line":166,"column":6},"end":{"line":178,"column":7}},"31":{"start":{"line":175,"column":8},"end":{"line":177,"column":63}},"32":{"start":{"line":181,"column":28},"end":{"line":181,"column":53}},"33":{"start":{"line":182,"column":26},"end":{"line":182,"column":75}},"34":{"start":{"line":186,"column":23},"end":{"line":204,"column":7}},"35":{"start":{"line":206,"column":6},"end":{"line":210,"column":7}},"36":{"start":{"line":207,"column":8},"end":{"line":209,"column":78}},"37":{"start":{"line":212,"column":6},"end":{"line":212,"column":76}},"38":{"start":{"line":214,"column":6},"end":{"line":214,"column":61}},"39":{"start":{"line":215,"column":6},"end":{"line":217,"column":73}},"40":{"start":{"line":222,"column":4},"end":{"line":242,"column":5}},"41":{"start":{"line":224,"column":26},"end":{"line":234,"column":8}},"42":{"start":{"line":236,"column":6},"end":{"line":236,"column":38}},"43":{"start":{"line":238,"column":6},"end":{"line":238,"column":59}},"44":{"start":{"line":239,"column":6},"end":{"line":241,"column":74}},"45":{"start":{"line":247,"column":4},"end":{"line":272,"column":5}},"46":{"start":{"line":248,"column":21},"end":{"line":248,"column":31}},"47":{"start":{"line":249,"column":25},"end":{"line":249,"column":33}},"48":{"start":{"line":252,"column":6},"end":{"line":254,"column":7}},"49":{"start":{"line":253,"column":8},"end":{"line":253,"column":72}},"50":{"start":{"line":257,"column":23},"end":{"line":260,"column":7}},"51":{"start":{"line":262,"column":6},"end":{"line":264,"column":7}},"52":{"start":{"line":263,"column":8},"end":{"line":263,"column":77}},"53":{"start":{"line":266,"column":6},"end":{"line":268,"column":71}},"54":{"start":{"line":270,"column":6},"end":{"line":270,"column":59}},"55":{"start":{"line":271,"column":6},"end":{"line":271,"column":74}},"56":{"start":{"line":276,"column":4},"end":{"line":300,"column":5}},"57":{"start":{"line":278,"column":26},"end":{"line":278,"column":37}},"58":{"start":{"line":280,"column":26},"end":{"line":292,"column":7}},"59":{"start":{"line":294,"column":6},"end":{"line":294,"column":38}},"60":{"start":{"line":296,"column":6},"end":{"line":296,"column":64}},"61":{"start":{"line":297,"column":6},"end":{"line":299,"column":68}},"62":{"start":{"line":303,"column":4},"end":{"line":322,"column":5}},"63":{"start":{"line":304,"column":21},"end":{"line":304,"column":31}},"64":{"start":{"line":306,"column":20},"end":{"line":312,"column":7}},"65":{"start":{"line":314,"column":26},"end":{"line":314,"column":55}},"66":{"start":{"line":316,"column":6},"end":{"line":316,"column":38}},"67":{"start":{"line":318,"column":6},"end":{"line":318,"column":56}},"68":{"start":{"line":319,"column":6},"end":{"line":321,"column":68}},"69":{"start":{"line":326,"column":0},"end":{"line":326,"column":42}}},"fnMap":{"0":{"name":"(anonymous_0)","decl":{"start":{"line":7,"column":2},"end":{"line":7,"column":3}},"loc":{"start":{"line":7,"column":34},"end":{"line":30,"column":3}},"line":7},"1":{"name":"(anonymous_1)","decl":{"start":{"line":31,"column":2},"end":{"line":31,"column":3}},"loc":{"start":{"line":31,"column":34},"end":{"line":76,"column":3}},"line":31},"2":{"name":"(anonymous_2)","decl":{"start":{"line":77,"column":2},"end":{"line":77,"column":3}},"loc":{"start":{"line":77,"column":33},"end":{"line":145,"column":3}},"line":77},"3":{"name":"(anonymous_3)","decl":{"start":{"line":147,"column":2},"end":{"line":147,"column":3}},"loc":{"start":{"line":147,"column":33},"end":{"line":219,"column":3}},"line":147},"4":{"name":"(anonymous_4)","decl":{"start":{"line":221,"column":2},"end":{"line":221,"column":3}},"loc":{"start":{"line":221,"column":38},"end":{"line":243,"column":3}},"line":221},"5":{"name":"(anonymous_5)","decl":{"start":{"line":246,"column":2},"end":{"line":246,"column":3}},"loc":{"start":{"line":246,"column":39},"end":{"line":273,"column":3}},"line":246},"6":{"name":"(anonymous_6)","decl":{"start":{"line":275,"column":2},"end":{"line":275,"column":3}},"loc":{"start":{"line":275,"column":33},"end":{"line":301,"column":3}},"line":275},"7":{"name":"(anonymous_7)","decl":{"start":{"line":302,"column":2},"end":{"line":302,"column":3}},"loc":{"start":{"line":302,"column":39},"end":{"line":323,"column":3}},"line":302}},"branchMap":{"0":{"loc":{"start":{"line":67,"column":6},"end":{"line":69,"column":7}},"type":"if","locations":[{"start":{"line":67,"column":6},"end":{"line":69,"column":7}},{"start":{},"end":{}}],"line":67},"1":{"loc":{"start":{"line":93,"column":6},"end":{"line":105,"column":7}},"type":"if","locations":[{"start":{"line":93,"column":6},"end":{"line":105,"column":7}},{"start":{},"end":{}}],"line":93},"2":{"loc":{"start":{"line":94,"column":8},"end":{"line":100,"column":19}},"type":"binary-expr","locations":[{"start":{"line":94,"column":8},"end":{"line":94,"column":13}},{"start":{"line":95,"column":8},"end":{"line":95,"column":13}},{"start":{"line":96,"column":8},"end":{"line":96,"column":18}},{"start":{"line":97,"column":8},"end":{"line":97,"column":17}},{"start":{"line":98,"column":8},"end":{"line":98,"column":14}},{"start":{"line":99,"column":8},"end":{"line":99,"column":19}},{"start":{"line":100,"column":8},"end":{"line":100,"column":19}}],"line":94},"3":{"loc":{"start":{"line":109,"column":26},"end":{"line":109,"column":75}},"type":"cond-expr","locations":[{"start":{"line":109,"column":36},"end":{"line":109,"column":59}},{"start":{"line":109,"column":62},"end":{"line":109,"column":75}}],"line":109},"4":{"loc":{"start":{"line":122,"column":10},"end":{"line":122,"column":29}},"type":"binary-expr","locations":[{"start":{"line":122,"column":10},"end":{"line":122,"column":21}},{"start":{"line":122,"column":25},"end":{"line":122,"column":29}}],"line":122},"5":{"loc":{"start":{"line":123,"column":10},"end":{"line":123,"column":25}},"type":"binary-expr","locations":[{"start":{"line":123,"column":10},"end":{"line":123,"column":17}},{"start":{"line":123,"column":21},"end":{"line":123,"column":25}}],"line":123},"6":{"loc":{"start":{"line":166,"column":6},"end":{"line":178,"column":7}},"type":"if","locations":[{"start":{"line":166,"column":6},"end":{"line":178,"column":7}},{"start":{},"end":{}}],"line":166},"7":{"loc":{"start":{"line":167,"column":8},"end":{"line":173,"column":19}},"type":"binary-expr","locations":[{"start":{"line":167,"column":8},"end":{"line":167,"column":13}},{"start":{"line":168,"column":8},"end":{"line":168,"column":13}},{"start":{"line":169,"column":8},"end":{"line":169,"column":18}},{"start":{"line":170,"column":8},"end":{"line":170,"column":17}},{"start":{"line":171,"column":8},"end":{"line":171,"column":14}},{"start":{"line":172,"column":8},"end":{"line":172,"column":19}},{"start":{"line":173,"column":8},"end":{"line":173,"column":19}}],"line":167},"8":{"loc":{"start":{"line":182,"column":26},"end":{"line":182,"column":75}},"type":"cond-expr","locations":[{"start":{"line":182,"column":36},"end":{"line":182,"column":59}},{"start":{"line":182,"column":62},"end":{"line":182,"column":75}}],"line":182},"9":{"loc":{"start":{"line":193,"column":10},"end":{"line":193,"column":29}},"type":"binary-expr","locations":[{"start":{"line":193,"column":10},"end":{"line":193,"column":21}},{"start":{"line":193,"column":25},"end":{"line":193,"column":29}}],"line":193},"10":{"loc":{"start":{"line":194,"column":10},"end":{"line":194,"column":25}},"type":"binary-expr","locations":[{"start":{"line":194,"column":10},"end":{"line":194,"column":17}},{"start":{"line":194,"column":21},"end":{"line":194,"column":25}}],"line":194},"11":{"loc":{"start":{"line":206,"column":6},"end":{"line":210,"column":7}},"type":"if","locations":[{"start":{"line":206,"column":6},"end":{"line":210,"column":7}},{"start":{},"end":{}}],"line":206},"12":{"loc":{"start":{"line":252,"column":6},"end":{"line":254,"column":7}},"type":"if","locations":[{"start":{"line":252,"column":6},"end":{"line":254,"column":7}},{"start":{},"end":{}}],"line":252},"13":{"loc":{"start":{"line":262,"column":6},"end":{"line":264,"column":7}},"type":"if","locations":[{"start":{"line":262,"column":6},"end":{"line":264,"column":7}},{"start":{},"end":{}}],"line":262}},"s":{"0":1,"1":2,"2":2,"3":1,"4":1,"5":1,"6":2,"7":2,"8":2,"9":2,"10":1,"11":1,"12":0,"13":0,"14":2,"15":2,"16":2,"17":1,"18":1,"19":1,"20":1,"21":1,"22":1,"23":1,"24":0,"25":0,"26":2,"27":2,"28":2,"29":2,"30":2,"31":0,"32":2,"33":2,"34":2,"35":2,"36":1,"37":1,"38":0,"39":0,"40":1,"41":1,"42":1,"43":0,"44":0,"45":2,"46":2,"47":2,"48":2,"49":1,"50":1,"51":1,"52":0,"53":1,"54":0,"55":0,"56":1,"57":1,"58":1,"59":1,"60":0,"61":0,"62":1,"63":1,"64":1,"65":1,"66":1,"67":0,"68":0,"69":1},"f":{"0":2,"1":2,"2":2,"3":2,"4":1,"5":2,"6":1,"7":1},"b":{"0":[1,1],"1":[1,1],"2":[2,2,1,1,1,1,1],"3":[0,1],"4":[1,1],"5":[1,1],"6":[0,2],"7":[2,2,2,2,2,2,2],"8":[0,2],"9":[2,2],"10":[2,2],"11":[1,1],"12":[1,1],"13":[0,1]},"_coverageSchema":"1a1c01bbd47fc00a2c39e90264f33305004495a9","hash":"c6846f6f4533e1e99d9f2b46972e3c9b61fd546c"}
,"C:\\BUU\\4 Senior\\term2\\Software\\Workshop\\backend\\src\\routes\\workshopRoutes.js": {"path":"C:\\BUU\\4 Senior\\term2\\Software\\Workshop\\backend\\src\\routes\\workshopRoutes.js","statementMap":{"0":{"start":{"line":1,"column":16},"end":{"line":1,"column":34}},"1":{"start":{"line":2,"column":15},"end":{"line":2,"column":31}},"2":{"start":{"line":3,"column":27},"end":{"line":3,"column":71}},"3":{"start":{"line":4,"column":37},"end":{"line":4,"column":76}},"4":{"start":{"line":11,"column":0},"end":{"line":11,"column":52}},"5":{"start":{"line":14,"column":0},"end":{"line":19,"column":2}},"6":{"start":{"line":22,"column":0},"end":{"line":27,"column":2}},"7":{"start":{"line":30,"column":0},"end":{"line":35,"column":2}},"8":{"start":{"line":42,"column":0},"end":{"line":42,"column":55}},"9":{"start":{"line":44,"column":0},"end":{"line":49,"column":2}},"10":{"start":{"line":52,"column":0},"end":{"line":57,"column":2}},"11":{"start":{"line":60,"column":0},"end":{"line":65,"column":2}},"12":{"start":{"line":67,"column":0},"end":{"line":67,"column":24}}},"fnMap":{},"branchMap":{},"s":{"0":1,"1":1,"2":1,"3":1,"4":1,"5":1,"6":1,"7":1,"8":1,"9":1,"10":1,"11":1,"12":1},"f":{},"b":{},"_coverageSchema":"1a1c01bbd47fc00a2c39e90264f33305004495a9","hash":"3aa6b440a35d22efe56403b7be80e634e62bb0b2"}
,"C:\\BUU\\4 Senior\\term2\\Software\\Workshop\\backend\\src\\utils\\helpers.js": {"path":"C:\\BUU\\4 Senior\\term2\\Software\\Workshop\\backend\\src\\utils\\helpers.js","statementMap":{"0":{"start":{"line":4,"column":21},"end":{"line":8,"column":1}},"1":{"start":{"line":5,"column":2},"end":{"line":5,"column":27}},"2":{"start":{"line":5,"column":14},"end":{"line":5,"column":27}},"3":{"start":{"line":6,"column":13},"end":{"line":6,"column":41}},"4":{"start":{"line":7,"column":2},"end":{"line":7,"column":24}},"5":{"start":{"line":11,"column":32},"end":{"line":15,"column":1}},"6":{"start":{"line":12,"column":2},"end":{"line":12,"column":45}},"7":{"start":{"line":12,"column":36},"end":{"line":12,"column":45}},"8":{"start":{"line":13,"column":20},"end":{"line":13,"column":39}},"9":{"start":{"line":14,"column":2},"end":{"line":14,"column":39}},"10":{"start":{"line":18,"column":23},"end":{"line":20,"column":1}},"11":{"start":{"line":19,"column":2},"end":{"line":19,"column":30}},"12":{"start":{"line":22,"column":0},"end":{"line":26,"column":2}}},"fnMap":{"0":{"name":"(anonymous_0)","decl":{"start":{"line":4,"column":21},"end":{"line":4,"column":22}},"loc":{"start":{"line":4,"column":32},"end":{"line":8,"column":1}},"line":4},"1":{"name":"(anonymous_1)","decl":{"start":{"line":11,"column":32},"end":{"line":11,"column":33}},"loc":{"start":{"line":11,"column":56},"end":{"line":15,"column":1}},"line":11},"2":{"name":"(anonymous_2)","decl":{"start":{"line":18,"column":23},"end":{"line":18,"column":24}},"loc":{"start":{"line":18,"column":47},"end":{"line":20,"column":1}},"line":18}},"branchMap":{"0":{"loc":{"start":{"line":5,"column":2},"end":{"line":5,"column":27}},"type":"if","locations":[{"start":{"line":5,"column":2},"end":{"line":5,"column":27}},{"start":{},"end":{}}],"line":5},"1":{"loc":{"start":{"line":12,"column":2},"end":{"line":12,"column":45}},"type":"if","locations":[{"start":{"line":12,"column":2},"end":{"line":12,"column":45}},{"start":{},"end":{}}],"line":12},"2":{"loc":{"start":{"line":12,"column":6},"end":{"line":12,"column":34}},"type":"binary-expr","locations":[{"start":{"line":12,"column":6},"end":{"line":12,"column":18}},{"start":{"line":12,"column":22},"end":{"line":12,"column":34}}],"line":12},"3":{"loc":{"start":{"line":14,"column":9},"end":{"line":14,"column":38}},"type":"cond-expr","locations":[{"start":{"line":14,"column":25},"end":{"line":14,"column":34}},{"start":{"line":14,"column":37},"end":{"line":14,"column":38}}],"line":14}},"s":{"0":1,"1":5,"2":2,"3":3,"4":3,"5":1,"6":4,"7":1,"8":3,"9":3,"10":1,"11":2,"12":1},"f":{"0":5,"1":4,"2":2},"b":{"0":[2,3],"1":[1,3],"2":[4,3],"3":[2,1]},"_coverageSchema":"1a1c01bbd47fc00a2c39e90264f33305004495a9","hash":"5299797ca8c840f6a238d81164bf0e57fc44a45f"}
}
