TN:
SF:src\controllers\workshopController.js
FN:7,(anonymous_0)
FN:31,(anonymous_1)
FN:77,(anonymous_2)
FN:147,(anonymous_3)
FN:221,(anonymous_4)
FN:246,(anonymous_5)
FN:275,(anonymous_6)
FN:302,(anonymous_7)
FNF:8
FNH:8
FNDA:2,(anonymous_0)
FNDA:2,(anonymous_1)
FNDA:2,(anonymous_2)
FNDA:2,(anonymous_3)
FNDA:1,(anonymous_4)
FNDA:2,(anonymous_5)
FNDA:1,(anonymous_6)
FNDA:1,(anonymous_7)
DA:4,1
DA:8,2
DA:10,2
DA:23,1
DA:25,1
DA:26,1
DA:32,2
DA:33,2
DA:36,2
DA:67,2
DA:68,1
DA:71,1
DA:73,0
DA:74,0
DA:78,2
DA:91,2
DA:93,2
DA:102,1
DA:108,1
DA:109,1
DA:112,1
DA:113,1
DA:116,1
DA:135,1
DA:140,0
DA:141,0
DA:148,2
DA:149,2
DA:150,2
DA:163,2
DA:166,2
DA:175,0
DA:181,2
DA:182,2
DA:186,2
DA:206,2
DA:207,1
DA:212,1
DA:214,0
DA:215,0
DA:222,1
DA:224,1
DA:236,1
DA:238,0
DA:239,0
DA:247,2
DA:248,2
DA:249,2
DA:252,2
DA:253,1
DA:257,1
DA:262,1
DA:263,0
DA:266,1
DA:270,0
DA:271,0
DA:276,1
DA:278,1
DA:280,1
DA:294,1
DA:296,0
DA:297,0
DA:303,1
DA:304,1
DA:306,1
DA:314,1
DA:316,1
DA:318,0
DA:319,0
DA:326,1
LF:70
LH:54
BRDA:67,0,0,1
BRDA:67,0,1,1
BRDA:93,1,0,1
BRDA:93,1,1,1
BRDA:94,2,0,2
BRDA:94,2,1,2
BRDA:94,2,2,1
BRDA:94,2,3,1
BRDA:94,2,4,1
BRDA:94,2,5,1
BRDA:94,2,6,1
BRDA:109,3,0,0
BRDA:109,3,1,1
BRDA:122,4,0,1
BRDA:122,4,1,1
BRDA:123,5,0,1
BRDA:123,5,1,1
BRDA:166,6,0,0
BRDA:166,6,1,2
BRDA:167,7,0,2
BRDA:167,7,1,2
BRDA:167,7,2,2
BRDA:167,7,3,2
BRDA:167,7,4,2
BRDA:167,7,5,2
BRDA:167,7,6,2
BRDA:182,8,0,0
BRDA:182,8,1,2
BRDA:193,9,0,2
BRDA:193,9,1,2
BRDA:194,10,0,2
BRDA:194,10,1,2
BRDA:206,11,0,1
BRDA:206,11,1,1
BRDA:252,12,0,1
BRDA:252,12,1,1
BRDA:262,13,0,0
BRDA:262,13,1,1
BRF:38
BRH:34
end_of_record
TN:
SF:src\routes\workshopRoutes.js
FNF:0
FNH:0
DA:1,1
DA:2,1
DA:3,1
DA:4,1
DA:11,1
DA:14,1
DA:22,1
DA:30,1
DA:42,1
DA:44,1
DA:52,1
DA:60,1
DA:67,1
LF:13
LH:13
BRF:0
BRH:0
end_of_record
TN:
SF:src\utils\helpers.js
FN:4,(anonymous_0)
FN:11,(anonymous_1)
FN:18,(anonymous_2)
FNF:3
FNH:3
FNDA:5,(anonymous_0)
FNDA:4,(anonymous_1)
FNDA:2,(anonymous_2)
DA:4,1
DA:5,5
DA:6,3
DA:7,3
DA:11,1
DA:12,4
DA:13,3
DA:14,3
DA:18,1
DA:19,2
DA:22,1
LF:11
LH:11
BRDA:5,0,0,2
BRDA:5,0,1,3
BRDA:12,1,0,1
BRDA:12,1,1,3
BRDA:12,2,0,4
BRDA:12,2,1,3
BRDA:14,3,0,2
BRDA:14,3,1,1
BRF:8
BRH:8
end_of_record
