TN:
SF:src\controllers\workshopController.js
FN:7,(anonymous_0)
FN:31,(anonymous_1)
FN:77,(anonymous_2)
FN:147,(anonymous_3)
FN:221,(anonymous_4)
FN:246,(anonymous_5)
FN:275,(anonymous_6)
FN:302,(anonymous_7)
FN:324,(anonymous_8)
FN:355,(anonymous_9)
FNF:10
FNH:10
FNDA:2,(anonymous_0)
FNDA:2,(anonymous_1)
FNDA:3,(anonymous_2)
FNDA:3,(anonymous_3)
FNDA:1,(anonymous_4)
FNDA:3,(anonymous_5)
FNDA:1,(anonymous_6)
FNDA:1,(anonymous_7)
FNDA:3,(anonymous_8)
FNDA:3,(anonymous_9)
DA:4,1
DA:8,2
DA:10,2
DA:23,1
DA:25,1
DA:26,1
DA:32,2
DA:33,2
DA:36,2
DA:67,2
DA:68,1
DA:71,1
DA:73,0
DA:74,0
DA:78,3
DA:91,3
DA:93,3
DA:102,1
DA:108,2
DA:109,2
DA:112,2
DA:113,2
DA:116,2
DA:135,1
DA:140,1
DA:141,1
DA:148,3
DA:149,3
DA:150,3
DA:163,3
DA:166,3
DA:175,0
DA:181,3
DA:182,3
DA:186,3
DA:206,2
DA:207,1
DA:212,1
DA:214,1
DA:215,1
DA:222,1
DA:224,1
DA:236,1
DA:238,0
DA:239,0
DA:247,3
DA:248,3
DA:249,3
DA:252,3
DA:253,1
DA:257,2
DA:262,1
DA:263,0
DA:266,1
DA:270,1
DA:271,1
DA:276,1
DA:278,1
DA:280,1
DA:294,1
DA:296,0
DA:297,0
DA:303,1
DA:304,1
DA:306,1
DA:314,1
DA:316,1
DA:318,0
DA:319,0
DA:325,3
DA:326,3
DA:327,3
DA:330,3
DA:338,2
DA:339,1
DA:344,1
DA:348,1
DA:349,1
DA:356,3
DA:357,3
DA:358,3
DA:360,3
DA:366,2
DA:368,2
DA:370,1
DA:371,1
DA:376,1
LF:87
LH:77
BRDA:67,0,0,1
BRDA:67,0,1,1
BRDA:93,1,0,1
BRDA:93,1,1,2
BRDA:94,2,0,3
BRDA:94,2,1,3
BRDA:94,2,2,2
BRDA:94,2,3,2
BRDA:94,2,4,2
BRDA:94,2,5,2
BRDA:94,2,6,2
BRDA:109,3,0,0
BRDA:109,3,1,2
BRDA:122,4,0,2
BRDA:122,4,1,2
BRDA:123,5,0,2
BRDA:123,5,1,2
BRDA:166,6,0,0
BRDA:166,6,1,3
BRDA:167,7,0,3
BRDA:167,7,1,3
BRDA:167,7,2,3
BRDA:167,7,3,3
BRDA:167,7,4,3
BRDA:167,7,5,3
BRDA:167,7,6,3
BRDA:182,8,0,0
BRDA:182,8,1,3
BRDA:193,9,0,3
BRDA:193,9,1,3
BRDA:194,10,0,3
BRDA:194,10,1,3
BRDA:206,11,0,1
BRDA:206,11,1,1
BRDA:252,12,0,1
BRDA:252,12,1,2
BRDA:262,13,0,0
BRDA:262,13,1,1
BRDA:338,14,0,1
BRDA:338,14,1,1
BRF:40
BRH:36
end_of_record
TN:
SF:src\routes\workshopRoutes.js
FNF:0
FNH:0
DA:1,1
DA:2,1
DA:3,1
DA:4,1
DA:11,1
DA:14,1
DA:22,1
DA:30,1
DA:42,1
DA:44,1
DA:52,1
DA:60,1
DA:68,1
DA:74,1
DA:80,1
LF:15
LH:15
BRF:0
BRH:0
end_of_record
TN:
SF:src\utils\helpers.js
FN:4,(anonymous_0)
FN:11,(anonymous_1)
FN:18,(anonymous_2)
FNF:3
FNH:3
FNDA:5,(anonymous_0)
FNDA:4,(anonymous_1)
FNDA:2,(anonymous_2)
DA:4,1
DA:5,5
DA:6,3
DA:7,3
DA:11,1
DA:12,4
DA:13,3
DA:14,3
DA:18,1
DA:19,2
DA:22,1
LF:11
LH:11
BRDA:5,0,0,2
BRDA:5,0,1,3
BRDA:12,1,0,1
BRDA:12,1,1,3
BRDA:12,2,0,4
BRDA:12,2,1,3
BRDA:14,3,0,2
BRDA:14,3,1,1
BRF:8
BRH:8
end_of_record
